<?xml version="1.0" encoding="UTF-8"?>
<!-- Generated by org.testng.reporters.JUnitXMLReporter -->
<testsuite ignored="0" hostname="Mickey" failures="0" tests="2" name="Default test" time="13.301" errors="0" timestamp="2026-04-17T14:30:52 IST">
  <testcase classname="com.srm.hackathon.internetbot.tests.UploadTest" name="testFileUpload" time="1.735"/>
  <testcase classname="com.srm.hackathon.internetbot.tests.UploadTest" name="testUploadPageLoaded" time="0.95"/>
</testsuite> <!-- Default test -->
