<?xml version="1.0" encoding="UTF-8"?>
<!-- Generated by org.testng.reporters.JUnitXMLReporter -->
<testsuite ignored="0" hostname="Mickey" failures="0" tests="2" name="Default test" time="25.572" errors="0" timestamp="2026-04-17T13:21:31 IST">
  <testcase classname="com.srm.hackathon.internetbot.tests.LoginTest" name="testInvalidLogin" time="6.771"/>
  <testcase classname="com.srm.hackathon.internetbot.tests.LoginTest" name="testLoginAndLogout" time="4.505"/>
</testsuite> <!-- Default test -->
