<?xml version="1.0" encoding="UTF-8"?>
<testng-results ignored="0" total="16" passed="16" failed="0" skipped="0">
  <reporter-output>
  </reporter-output>
  <suite started-at="2026-04-17T14:37:45 IST" name="InternetBot Suite" finished-at="2026-04-17T14:38:20 IST" duration-ms="34661">
    <groups>
    </groups>
    <test started-at="2026-04-17T14:37:45 IST" name="Checkbox Tests" finished-at="2026-04-17T14:38:01 IST" duration-ms="15826">
      <class name="com.srm.hackathon.internetbot.tests.CheckboxTest">
        <test-method is-config="true" signature="setUp()[pri:0, instance:com.srm.hackathon.internetbot.tests.CheckboxTest@9cb8225]" started-at="2026-04-17T14:37:45 IST" name="setUp" finished-at="2026-04-17T14:37:54 IST" duration-ms="8428" status="PASS">
          <reporter-output>
          </reporter-output>
        </test-method> <!-- setUp -->
        <test-method signature="testCheckbox1Toggle()[pri:0, instance:com.srm.hackathon.internetbot.tests.CheckboxTest@9cb8225]" started-at="2026-04-17T14:37:54 IST" name="testCheckbox1Toggle" finished-at="2026-04-17T14:37:55 IST" duration-ms="1210" status="PASS">
          <reporter-output>
          </reporter-output>
        </test-method> <!-- testCheckbox1Toggle -->
        <test-method is-config="true" signature="tearDown()[pri:0, instance:com.srm.hackathon.internetbot.tests.CheckboxTest@9cb8225]" started-at="2026-04-17T14:37:55 IST" name="tearDown" finished-at="2026-04-17T14:37:55 IST" duration-ms="484" status="PASS">
          <reporter-output>
          </reporter-output>
        </test-method> <!-- tearDown -->
        <test-method is-config="true" signature="setUp()[pri:0, instance:com.srm.hackathon.internetbot.tests.CheckboxTest@9cb8225]" started-at="2026-04-17T14:37:55 IST" name="setUp" finished-at="2026-04-17T14:38:00 IST" duration-ms="4528" status="PASS">
          <reporter-output>
          </reporter-output>
        </test-method> <!-- setUp -->
        <test-method signature="testCheckbox2Toggle()[pri:0, instance:com.srm.hackathon.internetbot.tests.CheckboxTest@9cb8225]" started-at="2026-04-17T14:38:00 IST" name="testCheckbox2Toggle" finished-at="2026-04-17T14:38:01 IST" duration-ms="842" status="PASS">
          <reporter-output>
          </reporter-output>
        </test-method> <!-- testCheckbox2Toggle -->
        <test-method is-config="true" signature="tearDown()[pri:0, instance:com.srm.hackathon.internetbot.tests.CheckboxTest@9cb8225]" started-at="2026-04-17T14:38:01 IST" name="tearDown" finished-at="2026-04-17T14:38:01 IST" duration-ms="231" status="PASS">
          <reporter-output>
          </reporter-output>
        </test-method> <!-- tearDown -->
      </class> <!-- com.srm.hackathon.internetbot.tests.CheckboxTest -->
    </test> <!-- Checkbox Tests -->
    <test started-at="2026-04-17T14:37:45 IST" name="Dropdown Tests" finished-at="2026-04-17T14:38:07 IST" duration-ms="21414">
      <class name="com.srm.hackathon.internetbot.tests.DropdownTest">
        <test-method is-config="true" signature="setUp()[pri:0, instance:com.srm.hackathon.internetbot.tests.DropdownTest@7d61eb55]" started-at="2026-04-17T14:37:45 IST" name="setUp" finished-at="2026-04-17T14:37:51 IST" duration-ms="5683" status="PASS">
          <reporter-output>
          </reporter-output>
        </test-method> <!-- setUp -->
        <test-method signature="testDropdownOptionsCount()[pri:0, instance:com.srm.hackathon.internetbot.tests.DropdownTest@7d61eb55]" started-at="2026-04-17T14:37:51 IST" name="testDropdownOptionsCount" finished-at="2026-04-17T14:37:54 IST" duration-ms="2876" status="PASS">
          <reporter-output>
          </reporter-output>
        </test-method> <!-- testDropdownOptionsCount -->
        <test-method is-config="true" signature="tearDown()[pri:0, instance:com.srm.hackathon.internetbot.tests.DropdownTest@7d61eb55]" started-at="2026-04-17T14:37:54 IST" name="tearDown" finished-at="2026-04-17T14:37:54 IST" duration-ms="239" status="PASS">
          <reporter-output>
          </reporter-output>
        </test-method> <!-- tearDown -->
        <test-method is-config="true" signature="setUp()[pri:0, instance:com.srm.hackathon.internetbot.tests.DropdownTest@7d61eb55]" started-at="2026-04-17T14:37:54 IST" name="setUp" finished-at="2026-04-17T14:37:57 IST" duration-ms="2459" status="PASS">
          <reporter-output>
          </reporter-output>
        </test-method> <!-- setUp -->
        <test-method signature="testSelectOption1()[pri:0, instance:com.srm.hackathon.internetbot.tests.DropdownTest@7d61eb55]" started-at="2026-04-17T14:37:57 IST" name="testSelectOption1" finished-at="2026-04-17T14:38:02 IST" duration-ms="4874" status="PASS">
          <reporter-output>
          </reporter-output>
        </test-method> <!-- testSelectOption1 -->
        <test-method is-config="true" signature="tearDown()[pri:0, instance:com.srm.hackathon.internetbot.tests.DropdownTest@7d61eb55]" started-at="2026-04-17T14:38:02 IST" name="tearDown" finished-at="2026-04-17T14:38:02 IST" duration-ms="163" status="PASS">
          <reporter-output>
          </reporter-output>
        </test-method> <!-- tearDown -->
        <test-method is-config="true" signature="setUp()[pri:0, instance:com.srm.hackathon.internetbot.tests.DropdownTest@7d61eb55]" started-at="2026-04-17T14:38:02 IST" name="setUp" finished-at="2026-04-17T14:38:06 IST" duration-ms="4120" status="PASS">
          <reporter-output>
          </reporter-output>
        </test-method> <!-- setUp -->
        <test-method signature="testSelectOption2()[pri:0, instance:com.srm.hackathon.internetbot.tests.DropdownTest@7d61eb55]" started-at="2026-04-17T14:38:06 IST" name="testSelectOption2" finished-at="2026-04-17T14:38:07 IST" duration-ms="726" status="PASS">
          <reporter-output>
          </reporter-output>
        </test-method> <!-- testSelectOption2 -->
        <test-method is-config="true" signature="tearDown()[pri:0, instance:com.srm.hackathon.internetbot.tests.DropdownTest@7d61eb55]" started-at="2026-04-17T14:38:07 IST" name="tearDown" finished-at="2026-04-17T14:38:07 IST" duration-ms="164" status="PASS">
          <reporter-output>
          </reporter-output>
        </test-method> <!-- tearDown -->
      </class> <!-- com.srm.hackathon.internetbot.tests.DropdownTest -->
    </test> <!-- Dropdown Tests -->
    <test started-at="2026-04-17T14:37:45 IST" name="Upload Tests" finished-at="2026-04-17T14:38:11 IST" duration-ms="25802">
      <class name="com.srm.hackathon.internetbot.tests.UploadTest">
        <test-method is-config="true" signature="setUp()[pri:0, instance:com.srm.hackathon.internetbot.tests.UploadTest@4bff7da0]" started-at="2026-04-17T14:37:45 IST" name="setUp" finished-at="2026-04-17T14:37:53 IST" duration-ms="7680" status="PASS">
          <reporter-output>
          </reporter-output>
        </test-method> <!-- setUp -->
        <test-method signature="testFileUpload()[pri:0, instance:com.srm.hackathon.internetbot.tests.UploadTest@4bff7da0]" started-at="2026-04-17T14:37:53 IST" name="testFileUpload" finished-at="2026-04-17T14:37:55 IST" duration-ms="1850" status="PASS">
          <reporter-output>
          </reporter-output>
        </test-method> <!-- testFileUpload -->
        <test-method is-config="true" signature="tearDown()[pri:0, instance:com.srm.hackathon.internetbot.tests.UploadTest@4bff7da0]" started-at="2026-04-17T14:37:55 IST" name="tearDown" finished-at="2026-04-17T14:37:55 IST" duration-ms="460" status="PASS">
          <reporter-output>
          </reporter-output>
        </test-method> <!-- tearDown -->
        <test-method is-config="true" signature="setUp()[pri:0, instance:com.srm.hackathon.internetbot.tests.UploadTest@4bff7da0]" started-at="2026-04-17T14:37:55 IST" name="setUp" finished-at="2026-04-17T14:38:00 IST" duration-ms="5052" status="PASS">
          <reporter-output>
          </reporter-output>
        </test-method> <!-- setUp -->
        <test-method signature="testUnsupportedFileUpload()[pri:0, instance:com.srm.hackathon.internetbot.tests.UploadTest@4bff7da0]" started-at="2026-04-17T14:38:00 IST" name="testUnsupportedFileUpload" finished-at="2026-04-17T14:38:02 IST" duration-ms="1418" status="PASS">
          <reporter-output>
          </reporter-output>
        </test-method> <!-- testUnsupportedFileUpload -->
        <test-method is-config="true" signature="tearDown()[pri:0, instance:com.srm.hackathon.internetbot.tests.UploadTest@4bff7da0]" started-at="2026-04-17T14:38:02 IST" name="tearDown" finished-at="2026-04-17T14:38:02 IST" duration-ms="187" status="PASS">
          <reporter-output>
          </reporter-output>
        </test-method> <!-- tearDown -->
        <test-method is-config="true" signature="setUp()[pri:0, instance:com.srm.hackathon.internetbot.tests.UploadTest@4bff7da0]" started-at="2026-04-17T14:38:02 IST" name="setUp" finished-at="2026-04-17T14:38:09 IST" duration-ms="7063" status="PASS">
          <reporter-output>
          </reporter-output>
        </test-method> <!-- setUp -->
        <test-method signature="testUploadPageUI()[pri:0, instance:com.srm.hackathon.internetbot.tests.UploadTest@4bff7da0]" started-at="2026-04-17T14:38:09 IST" name="testUploadPageUI" finished-at="2026-04-17T14:38:11 IST" duration-ms="1851" status="PASS">
          <reporter-output>
          </reporter-output>
        </test-method> <!-- testUploadPageUI -->
        <test-method is-config="true" signature="tearDown()[pri:0, instance:com.srm.hackathon.internetbot.tests.UploadTest@4bff7da0]" started-at="2026-04-17T14:38:11 IST" name="tearDown" finished-at="2026-04-17T14:38:11 IST" duration-ms="139" status="PASS">
          <reporter-output>
          </reporter-output>
        </test-method> <!-- tearDown -->
      </class> <!-- com.srm.hackathon.internetbot.tests.UploadTest -->
    </test> <!-- Upload Tests -->
    <test started-at="2026-04-17T14:37:45 IST" name="Alert Tests" finished-at="2026-04-17T14:38:13 IST" duration-ms="27284">
      <class name="com.srm.hackathon.internetbot.tests.AlertTest">
        <test-method is-config="true" signature="setUp()[pri:0, instance:com.srm.hackathon.internetbot.tests.AlertTest@4e0ae11f]" started-at="2026-04-17T14:37:45 IST" name="setUp" finished-at="2026-04-17T14:37:53 IST" duration-ms="7737" status="PASS">
          <reporter-output>
          </reporter-output>
        </test-method> <!-- setUp -->
        <test-method signature="testJSAlertAccept()[pri:0, instance:com.srm.hackathon.internetbot.tests.AlertTest@4e0ae11f]" started-at="2026-04-17T14:37:53 IST" name="testJSAlertAccept" finished-at="2026-04-17T14:37:54 IST" duration-ms="1030" status="PASS">
          <reporter-output>
          </reporter-output>
        </test-method> <!-- testJSAlertAccept -->
        <test-method is-config="true" signature="tearDown()[pri:0, instance:com.srm.hackathon.internetbot.tests.AlertTest@4e0ae11f]" started-at="2026-04-17T14:37:54 IST" name="tearDown" finished-at="2026-04-17T14:37:54 IST" duration-ms="176" status="PASS">
          <reporter-output>
          </reporter-output>
        </test-method> <!-- tearDown -->
        <test-method is-config="true" signature="setUp()[pri:0, instance:com.srm.hackathon.internetbot.tests.AlertTest@4e0ae11f]" started-at="2026-04-17T14:37:54 IST" name="setUp" finished-at="2026-04-17T14:38:00 IST" duration-ms="5215" status="PASS">
          <reporter-output>
          </reporter-output>
        </test-method> <!-- setUp -->
        <test-method signature="testJSConfirmDismiss()[pri:0, instance:com.srm.hackathon.internetbot.tests.AlertTest@4e0ae11f]" started-at="2026-04-17T14:38:00 IST" name="testJSConfirmDismiss" finished-at="2026-04-17T14:38:00 IST" duration-ms="631" status="PASS">
          <reporter-output>
          </reporter-output>
        </test-method> <!-- testJSConfirmDismiss -->
        <test-method is-config="true" signature="tearDown()[pri:0, instance:com.srm.hackathon.internetbot.tests.AlertTest@4e0ae11f]" started-at="2026-04-17T14:38:00 IST" name="tearDown" finished-at="2026-04-17T14:38:00 IST" duration-ms="126" status="PASS">
          <reporter-output>
          </reporter-output>
        </test-method> <!-- tearDown -->
        <test-method is-config="true" signature="setUp()[pri:0, instance:com.srm.hackathon.internetbot.tests.AlertTest@4e0ae11f]" started-at="2026-04-17T14:38:00 IST" name="setUp" finished-at="2026-04-17T14:38:04 IST" duration-ms="4136" status="PASS">
          <reporter-output>
          </reporter-output>
        </test-method> <!-- setUp -->
        <test-method signature="testJSPromptInput()[pri:0, instance:com.srm.hackathon.internetbot.tests.AlertTest@4e0ae11f]" started-at="2026-04-17T14:38:04 IST" name="testJSPromptInput" finished-at="2026-04-17T14:38:05 IST" duration-ms="605" status="PASS">
          <reporter-output>
          </reporter-output>
        </test-method> <!-- testJSPromptInput -->
        <test-method is-config="true" signature="tearDown()[pri:0, instance:com.srm.hackathon.internetbot.tests.AlertTest@4e0ae11f]" started-at="2026-04-17T14:38:05 IST" name="tearDown" finished-at="2026-04-17T14:38:05 IST" duration-ms="123" status="PASS">
          <reporter-output>
          </reporter-output>
        </test-method> <!-- tearDown -->
        <test-method is-config="true" signature="setUp()[pri:0, instance:com.srm.hackathon.internetbot.tests.AlertTest@4e0ae11f]" started-at="2026-04-17T14:38:05 IST" name="setUp" finished-at="2026-04-17T14:38:12 IST" duration-ms="6364" status="PASS">
          <reporter-output>
          </reporter-output>
        </test-method> <!-- setUp -->
        <test-method signature="testResultClearsBetweenAlerts()[pri:0, instance:com.srm.hackathon.internetbot.tests.AlertTest@4e0ae11f]" started-at="2026-04-17T14:38:12 IST" name="testResultClearsBetweenAlerts" finished-at="2026-04-17T14:38:12 IST" duration-ms="861" status="PASS">
          <reporter-output>
          </reporter-output>
        </test-method> <!-- testResultClearsBetweenAlerts -->
        <test-method is-config="true" signature="tearDown()[pri:0, instance:com.srm.hackathon.internetbot.tests.AlertTest@4e0ae11f]" started-at="2026-04-17T14:38:12 IST" name="tearDown" finished-at="2026-04-17T14:38:13 IST" duration-ms="177" status="PASS">
          <reporter-output>
          </reporter-output>
        </test-method> <!-- tearDown -->
      </class> <!-- com.srm.hackathon.internetbot.tests.AlertTest -->
    </test> <!-- Alert Tests -->
    <test started-at="2026-04-17T14:37:45 IST" name="Login Tests" finished-at="2026-04-17T14:38:20 IST" duration-ms="34661">
      <class name="com.srm.hackathon.internetbot.tests.LoginTest">
        <test-method is-config="true" signature="setUp()[pri:0, instance:com.srm.hackathon.internetbot.tests.LoginTest@1500b2f3]" started-at="2026-04-17T14:37:45 IST" name="setUp" finished-at="2026-04-17T14:37:53 IST" duration-ms="7801" status="PASS">
          <reporter-output>
          </reporter-output>
        </test-method> <!-- setUp -->
        <test-method signature="testInvalidLogin()[pri:0, instance:com.srm.hackathon.internetbot.tests.LoginTest@1500b2f3]" started-at="2026-04-17T14:37:53 IST" name="testInvalidLogin" finished-at="2026-04-17T14:37:57 IST" duration-ms="3410" status="PASS">
          <reporter-output>
          </reporter-output>
        </test-method> <!-- testInvalidLogin -->
        <test-method is-config="true" signature="tearDown()[pri:0, instance:com.srm.hackathon.internetbot.tests.LoginTest@1500b2f3]" started-at="2026-04-17T14:37:57 IST" name="tearDown" finished-at="2026-04-17T14:37:57 IST" duration-ms="277" status="PASS">
          <reporter-output>
          </reporter-output>
        </test-method> <!-- tearDown -->
        <test-method is-config="true" signature="setUp()[pri:0, instance:com.srm.hackathon.internetbot.tests.LoginTest@1500b2f3]" started-at="2026-04-17T14:37:57 IST" name="setUp" finished-at="2026-04-17T14:38:02 IST" duration-ms="5102" status="PASS">
          <reporter-output>
          </reporter-output>
        </test-method> <!-- setUp -->
        <test-method signature="testLogoutMessage()[pri:0, instance:com.srm.hackathon.internetbot.tests.LoginTest@1500b2f3]" started-at="2026-04-17T14:38:02 IST" name="testLogoutMessage" finished-at="2026-04-17T14:38:05 IST" duration-ms="2865" status="PASS">
          <reporter-output>
          </reporter-output>
        </test-method> <!-- testLogoutMessage -->
        <test-method is-config="true" signature="tearDown()[pri:0, instance:com.srm.hackathon.internetbot.tests.LoginTest@1500b2f3]" started-at="2026-04-17T14:38:05 IST" name="tearDown" finished-at="2026-04-17T14:38:05 IST" duration-ms="155" status="PASS">
          <reporter-output>
          </reporter-output>
        </test-method> <!-- tearDown -->
        <test-method is-config="true" signature="setUp()[pri:0, instance:com.srm.hackathon.internetbot.tests.LoginTest@1500b2f3]" started-at="2026-04-17T14:38:05 IST" name="setUp" finished-at="2026-04-17T14:38:09 IST" duration-ms="3930" status="PASS">
          <reporter-output>
          </reporter-output>
        </test-method> <!-- setUp -->
        <test-method signature="testLogoutRedirect()[pri:0, instance:com.srm.hackathon.internetbot.tests.LoginTest@1500b2f3]" started-at="2026-04-17T14:38:09 IST" name="testLogoutRedirect" finished-at="2026-04-17T14:38:12 IST" duration-ms="2610" status="PASS">
          <reporter-output>
          </reporter-output>
        </test-method> <!-- testLogoutRedirect -->
        <test-method is-config="true" signature="tearDown()[pri:0, instance:com.srm.hackathon.internetbot.tests.LoginTest@1500b2f3]" started-at="2026-04-17T14:38:12 IST" name="tearDown" finished-at="2026-04-17T14:38:12 IST" duration-ms="131" status="PASS">
          <reporter-output>
          </reporter-output>
        </test-method> <!-- tearDown -->
        <test-method is-config="true" signature="setUp()[pri:0, instance:com.srm.hackathon.internetbot.tests.LoginTest@1500b2f3]" started-at="2026-04-17T14:38:12 IST" name="setUp" finished-at="2026-04-17T14:38:18 IST" duration-ms="6132" status="PASS">
          <reporter-output>
          </reporter-output>
        </test-method> <!-- setUp -->
        <test-method signature="testValidLogin()[pri:0, instance:com.srm.hackathon.internetbot.tests.LoginTest@1500b2f3]" started-at="2026-04-17T14:38:18 IST" name="testValidLogin" finished-at="2026-04-17T14:38:20 IST" duration-ms="2009" status="PASS">
          <reporter-output>
          </reporter-output>
        </test-method> <!-- testValidLogin -->
        <test-method is-config="true" signature="tearDown()[pri:0, instance:com.srm.hackathon.internetbot.tests.LoginTest@1500b2f3]" started-at="2026-04-17T14:38:20 IST" name="tearDown" finished-at="2026-04-17T14:38:20 IST" duration-ms="138" status="PASS">
          <reporter-output>
          </reporter-output>
        </test-method> <!-- tearDown -->
      </class> <!-- com.srm.hackathon.internetbot.tests.LoginTest -->
    </test> <!-- Login Tests -->
  </suite> <!-- InternetBot Suite -->
</testng-results>
