<?xml version="1.0" encoding="UTF-8"?>
<!-- Generated by org.testng.reporters.JUnitXMLReporter -->
<testsuite ignored="0" hostname="Mickey" failures="0" tests="4" name="Alert Tests" time="27.284" errors="0" timestamp="2026-04-17T14:38:13 IST">
  <testcase classname="com.srm.hackathon.internetbot.tests.AlertTest" name="testJSAlertAccept" time="1.03"/>
  <testcase classname="com.srm.hackathon.internetbot.tests.AlertTest" name="testJSConfirmDismiss" time="0.631"/>
  <testcase classname="com.srm.hackathon.internetbot.tests.AlertTest" name="testJSPromptInput" time="0.605"/>
  <testcase classname="com.srm.hackathon.internetbot.tests.AlertTest" name="testResultClearsBetweenAlerts" time="0.861"/>
</testsuite> <!-- Alert Tests -->
