<?xml version="1.0" encoding="UTF-8"?>
<!-- Generated by org.testng.reporters.JUnitXMLReporter -->
<testsuite ignored="0" hostname="Mickey" failures="0" tests="4" name="Alert Tests" time="49.923" errors="0" timestamp="2026-04-17T15:38:55 IST">
  <testcase classname="com.srm.hackathon.internetbot.tests.AlertTest" name="testJSAlertAccept" time="1.672"/>
  <testcase classname="com.srm.hackathon.internetbot.tests.AlertTest" name="testJSConfirmDismiss" time="1.127"/>
  <testcase classname="com.srm.hackathon.internetbot.tests.AlertTest" name="testJSPromptInput" time="1.229"/>
  <testcase classname="com.srm.hackathon.internetbot.tests.AlertTest" name="testResultClearsBetweenAlerts" time="2.444"/>
</testsuite> <!-- Alert Tests -->
