<?xml version="1.0" encoding="UTF-8"?>
<!-- Generated by org.testng.reporters.JUnitXMLReporter -->
<testsuite ignored="0" hostname="Mickey" failures="0" tests="2" name="Checkbox Tests" time="15.826" errors="0" timestamp="2026-04-17T14:38:02 IST">
  <testcase classname="com.srm.hackathon.internetbot.tests.CheckboxTest" name="testCheckbox1Toggle" time="1.21"/>
  <testcase classname="com.srm.hackathon.internetbot.tests.CheckboxTest" name="testCheckbox2Toggle" time="0.842"/>
</testsuite> <!-- Checkbox Tests -->
