<?xml version="1.0" encoding="UTF-8"?>
<!-- Generated by org.testng.reporters.JUnitXMLReporter -->
<testsuite ignored="0" hostname="Mickey" failures="0" tests="2" name="Checkbox Tests" time="19.945" errors="0" timestamp="2026-04-17T15:38:27 IST">
  <testcase classname="com.srm.hackathon.internetbot.tests.CheckboxTest" name="testCheckbox1Toggle" time="1.916"/>
  <testcase classname="com.srm.hackathon.internetbot.tests.CheckboxTest" name="testCheckbox2Toggle" time="1.244"/>
</testsuite> <!-- Checkbox Tests -->
