<?xml version="1.0" encoding="UTF-8"?>
<!-- Generated by org.testng.reporters.JUnitXMLReporter -->
<testsuite ignored="0" hostname="Mickey" failures="0" tests="3" name="Dropdown Tests" time="29.946" errors="0" timestamp="2026-04-17T15:38:36 IST">
  <testcase classname="com.srm.hackathon.internetbot.tests.DropdownTest" name="testDropdownOptionsCount" time="1.361"/>
  <testcase classname="com.srm.hackathon.internetbot.tests.DropdownTest" name="testSelectOption1" time="1.278"/>
  <testcase classname="com.srm.hackathon.internetbot.tests.DropdownTest" name="testSelectOption2" time="1.263"/>
</testsuite> <!-- Dropdown Tests -->
