<?xml version="1.0" encoding="UTF-8"?>
<!-- Generated by org.testng.reporters.JUnitXMLReporter -->
<testsuite ignored="0" hostname="Mickey" failures="0" tests="3" name="Dropdown Tests" time="21.414" errors="0" timestamp="2026-04-17T14:38:07 IST">
  <testcase classname="com.srm.hackathon.internetbot.tests.DropdownTest" name="testDropdownOptionsCount" time="2.876"/>
  <testcase classname="com.srm.hackathon.internetbot.tests.DropdownTest" name="testSelectOption1" time="4.874"/>
  <testcase classname="com.srm.hackathon.internetbot.tests.DropdownTest" name="testSelectOption2" time="0.726"/>
</testsuite> <!-- Dropdown Tests -->
