<?xml version="1.0" encoding="UTF-8"?>
<!-- Generated by org.testng.reporters.JUnitXMLReporter -->
<testsuite ignored="0" hostname="Mickey" failures="0" tests="3" name="Dynamic Tests" time="54.269" errors="0" timestamp="2026-04-17T15:39:21 IST">
  <testcase classname="com.srm.hackathon.internetbot.tests.DynamicTest" name="testElementReappearsOnRefresh" time="13.929"/>
  <testcase classname="com.srm.hackathon.internetbot.tests.DynamicTest" name="testExample1DynamicLoading" time="6.993"/>
  <testcase classname="com.srm.hackathon.internetbot.tests.DynamicTest" name="testExample2DynamicLoading" time="7.548"/>
</testsuite> <!-- Dynamic Tests -->
