<?xml version="1.0" encoding="UTF-8"?>
<!-- Generated by org.testng.reporters.JUnitXMLReporter -->
<testsuite ignored="0" hostname="Mickey" failures="0" tests="4" name="Login Tests" time="45.327" errors="0" timestamp="2026-04-17T15:38:51 IST">
  <testcase classname="com.srm.hackathon.internetbot.tests.LoginTest" name="testInvalidLogin" time="3.412"/>
  <testcase classname="com.srm.hackathon.internetbot.tests.LoginTest" name="testLogoutMessage" time="4.682"/>
  <testcase classname="com.srm.hackathon.internetbot.tests.LoginTest" name="testLogoutRedirect" time="3.794"/>
  <testcase classname="com.srm.hackathon.internetbot.tests.LoginTest" name="testValidLogin" time="5.873"/>
</testsuite> <!-- Login Tests -->
