<?xml version="1.0" encoding="UTF-8"?>
<!-- Generated by org.testng.reporters.JUnitXMLReporter -->
<testsuite ignored="0" hostname="Mickey" failures="0" tests="4" name="Login Tests" time="34.661" errors="0" timestamp="2026-04-17T14:38:20 IST">
  <testcase classname="com.srm.hackathon.internetbot.tests.LoginTest" name="testInvalidLogin" time="3.41"/>
  <testcase classname="com.srm.hackathon.internetbot.tests.LoginTest" name="testLogoutMessage" time="2.865"/>
  <testcase classname="com.srm.hackathon.internetbot.tests.LoginTest" name="testLogoutRedirect" time="2.61"/>
  <testcase classname="com.srm.hackathon.internetbot.tests.LoginTest" name="testValidLogin" time="2.009"/>
</testsuite> <!-- Login Tests -->
