<?xml version="1.0" encoding="UTF-8"?>
<!-- Generated by org.testng.reporters.JUnitXMLReporter -->
<testsuite ignored="0" hostname="Mickey" failures="0" tests="3" name="Upload Tests" time="44.522" errors="0" timestamp="2026-04-17T15:38:50 IST">
  <testcase classname="com.srm.hackathon.internetbot.tests.UploadTest" name="testFileUpload" time="2.173"/>
  <testcase classname="com.srm.hackathon.internetbot.tests.UploadTest" name="testUnsupportedFileUpload" time="8.186"/>
  <testcase classname="com.srm.hackathon.internetbot.tests.UploadTest" name="testUploadPageUI" time="8.022"/>
</testsuite> <!-- Upload Tests -->
