<?xml version="1.0" encoding="UTF-8"?>
<!-- Generated by org.testng.reporters.JUnitXMLReporter -->
<testsuite ignored="0" hostname="Mickey" failures="0" tests="3" name="Upload Tests" time="25.802" errors="0" timestamp="2026-04-17T14:38:11 IST">
  <testcase classname="com.srm.hackathon.internetbot.tests.UploadTest" name="testFileUpload" time="1.85"/>
  <testcase classname="com.srm.hackathon.internetbot.tests.UploadTest" name="testUnsupportedFileUpload" time="1.418"/>
  <testcase classname="com.srm.hackathon.internetbot.tests.UploadTest" name="testUploadPageUI" time="1.851"/>
</testsuite> <!-- Upload Tests -->
