<?xml version="1.0" encoding="UTF-8"?>
<!-- Generated by org.testng.reporters.JUnitReportReporter -->
<testsuite hostname="Mickey" failures="0" tests="2" name="com.srm.hackathon.internetbot.tests.CheckboxTest" time="15.723" errors="0" timestamp="2026-04-17T14:38:20 IST" skipped="0">
  <testcase classname="com.srm.hackathon.internetbot.tests.CheckboxTest" name="testCheckbox2Toggle" time="9.501"/>
  <testcase classname="com.srm.hackathon.internetbot.tests.CheckboxTest" name="testCheckbox1Toggle" time="6.222"/>
</testsuite> <!-- com.srm.hackathon.internetbot.tests.CheckboxTest -->
