<?xml version="1.0" encoding="UTF-8"?>
<!-- Generated by org.testng.reporters.JUnitReportReporter -->
<testsuite hostname="Mickey" failures="0" tests="4" name="com.srm.hackathon.internetbot.tests.LoginTest" time="45.179" errors="0" timestamp="2026-04-17T15:39:22 IST" skipped="0">
  <testcase classname="com.srm.hackathon.internetbot.tests.LoginTest" name="testInvalidLogin" time="9.259"/>
  <testcase classname="com.srm.hackathon.internetbot.tests.LoginTest" name="testLogoutRedirect" time="9.525"/>
  <testcase classname="com.srm.hackathon.internetbot.tests.LoginTest" name="testValidLogin" time="16.120"/>
  <testcase classname="com.srm.hackathon.internetbot.tests.LoginTest" name="testLogoutMessage" time="10.275"/>
</testsuite> <!-- com.srm.hackathon.internetbot.tests.LoginTest -->
