<?xml version="1.0" encoding="UTF-8"?>
<!-- Generated by org.testng.reporters.JUnitReportReporter -->
<testsuite hostname="Mickey" failures="0" tests="3" name="com.srm.hackathon.internetbot.tests.DropdownTest" time="21.304" errors="0" timestamp="2026-04-17T14:38:20 IST" skipped="0">
  <testcase classname="com.srm.hackathon.internetbot.tests.DropdownTest" name="testSelectOption2" time="5.009"/>
  <testcase classname="com.srm.hackathon.internetbot.tests.DropdownTest" name="testSelectOption1" time="7.497"/>
  <testcase classname="com.srm.hackathon.internetbot.tests.DropdownTest" name="testDropdownOptionsCount" time="8.798"/>
</testsuite> <!-- com.srm.hackathon.internetbot.tests.DropdownTest -->
