<?xml version="1.0" encoding="UTF-8"?>
<!-- Generated by org.testng.reporters.JUnitReportReporter -->
<testsuite hostname="Mickey" failures="0" tests="4" name="com.srm.hackathon.internetbot.tests.AlertTest" time="27.181" errors="0" timestamp="2026-04-17T14:38:20 IST" skipped="0">
  <testcase classname="com.srm.hackathon.internetbot.tests.AlertTest" name="testJSAlertAccept" time="8.890"/>
  <testcase classname="com.srm.hackathon.internetbot.tests.AlertTest" name="testJSPromptInput" time="4.918"/>
  <testcase classname="com.srm.hackathon.internetbot.tests.AlertTest" name="testJSConfirmDismiss" time="7.121"/>
  <testcase classname="com.srm.hackathon.internetbot.tests.AlertTest" name="testResultClearsBetweenAlerts" time="6.252"/>
</testsuite> <!-- com.srm.hackathon.internetbot.tests.AlertTest -->
