<?xml version="1.0" encoding="UTF-8"?>
<!-- Generated by org.testng.reporters.JUnitReportReporter -->
<testsuite hostname="Mickey" failures="0" tests="3" name="com.srm.hackathon.internetbot.tests.DynamicTest" time="54.244" errors="0" timestamp="2026-04-17T15:39:22 IST" skipped="0">
  <testcase classname="com.srm.hackathon.internetbot.tests.DynamicTest" name="testElementReappearsOnRefresh" time="23.867"/>
  <testcase classname="com.srm.hackathon.internetbot.tests.DynamicTest" name="testExample2DynamicLoading" time="17.295"/>
  <testcase classname="com.srm.hackathon.internetbot.tests.DynamicTest" name="testExample1DynamicLoading" time="13.082"/>
</testsuite> <!-- com.srm.hackathon.internetbot.tests.DynamicTest -->
