<?xml version="1.0" encoding="UTF-8"?>
<!-- Generated by org.testng.reporters.JUnitReportReporter -->
<testsuite hostname="Mickey" failures="0" tests="4" name="com.srm.hackathon.internetbot.tests.AlertTest" time="34.215" errors="0" timestamp="2026-04-17T14:09:30 IST" skipped="0">
  <testcase classname="com.srm.hackathon.internetbot.tests.AlertTest" name="testJSAlertAccept" time="6.378"/>
  <testcase classname="com.srm.hackathon.internetbot.tests.AlertTest" name="testJSPromptInput" time="13.509"/>
  <testcase classname="com.srm.hackathon.internetbot.tests.AlertTest" name="testJSConfirmDismiss" time="6.201"/>
  <testcase classname="com.srm.hackathon.internetbot.tests.AlertTest" name="testResultClearsBetweenAlerts" time="8.127"/>
</testsuite> <!-- com.srm.hackathon.internetbot.tests.AlertTest -->
