<?xml version="1.0" encoding="UTF-8"?>
<!-- Generated by org.testng.reporters.JUnitReportReporter -->
<testsuite hostname="Mickey" failures="0" tests="2" name="com.srm.hackathon.internetbot.tests.CheckboxTest" time="19.815" errors="0" timestamp="2026-04-17T15:39:22 IST" skipped="0">
  <testcase classname="com.srm.hackathon.internetbot.tests.CheckboxTest" name="testCheckbox2Toggle" time="11.632"/>
  <testcase classname="com.srm.hackathon.internetbot.tests.CheckboxTest" name="testCheckbox1Toggle" time="8.183"/>
</testsuite> <!-- com.srm.hackathon.internetbot.tests.CheckboxTest -->
