<?xml version="1.0" encoding="UTF-8"?>
<!-- Generated by org.testng.reporters.JUnitReportReporter -->
<testsuite hostname="Mickey" failures="0" tests="3" name="com.srm.hackathon.internetbot.tests.DropdownTest" time="29.788" errors="0" timestamp="2026-04-17T15:39:22 IST" skipped="0">
  <testcase classname="com.srm.hackathon.internetbot.tests.DropdownTest" name="testSelectOption2" time="7.982"/>
  <testcase classname="com.srm.hackathon.internetbot.tests.DropdownTest" name="testSelectOption1" time="12.065"/>
  <testcase classname="com.srm.hackathon.internetbot.tests.DropdownTest" name="testDropdownOptionsCount" time="9.741"/>
</testsuite> <!-- com.srm.hackathon.internetbot.tests.DropdownTest -->
