<?xml version="1.0" encoding="UTF-8"?>
<!-- Generated by org.testng.reporters.JUnitReportReporter -->
<testsuite hostname="Mickey" failures="0" tests="3" name="com.srm.hackathon.internetbot.tests.UploadTest" time="25.700" errors="0" timestamp="2026-04-17T14:38:20 IST" skipped="0">
  <testcase classname="com.srm.hackathon.internetbot.tests.UploadTest" name="testUploadPageUI" time="9.670"/>
  <testcase classname="com.srm.hackathon.internetbot.tests.UploadTest" name="testFileUpload" time="7.362"/>
  <testcase classname="com.srm.hackathon.internetbot.tests.UploadTest" name="testUnsupportedFileUpload" time="8.668"/>
</testsuite> <!-- com.srm.hackathon.internetbot.tests.UploadTest -->
