<?xml version="1.0" encoding="UTF-8"?>
<!-- Generated by org.testng.reporters.JUnitReportReporter -->
<testsuite hostname="Mickey" failures="0" tests="3" name="com.srm.hackathon.internetbot.tests.UploadTest" time="44.389" errors="0" timestamp="2026-04-17T15:39:22 IST" skipped="0">
  <testcase classname="com.srm.hackathon.internetbot.tests.UploadTest" name="testUnsupportedFileUpload" time="20.496"/>
  <testcase classname="com.srm.hackathon.internetbot.tests.UploadTest" name="testUploadPageUI" time="11.266"/>
  <testcase classname="com.srm.hackathon.internetbot.tests.UploadTest" name="testFileUpload" time="12.627"/>
</testsuite> <!-- com.srm.hackathon.internetbot.tests.UploadTest -->
